Determining if the pthread_create exist failed with the following output:
Change Dir: /home/parthmehrotra/Projects/HighPriority/DriveAI/DriveAI-Platform/build/CMakeFiles/CMakeTmp

Run Build Command:/usr/bin/make "cmTryCompileExec2835559714/fast"
/usr/bin/make -f CMakeFiles/cmTryCompileExec2835559714.dir/build.make CMakeFiles/cmTryCompileExec2835559714.dir/build
make[1]: Entering directory `/home/parthmehrotra/Projects/HighPriority/DriveAI/DriveAI-Platform/build/CMakeFiles/CMakeTmp'
/usr/bin/cmake -E cmake_progress_report /home/parthmehrotra/Projects/HighPriority/DriveAI/DriveAI-Platform/build/CMakeFiles/CMakeTmp/CMakeFiles 1
Building C object CMakeFiles/cmTryCompileExec2835559714.dir/CheckSymbolExists.c.o
/usr/bin/cc    -o CMakeFiles/cmTryCompileExec2835559714.dir/CheckSymbolExists.c.o   -c /home/parthmehrotra/Projects/HighPriority/DriveAI/DriveAI-Platform/build/CMakeFiles/CMakeTmp/CheckSymbolExists.c
Linking C executable cmTryCompileExec2835559714
/usr/bin/cmake -E cmake_link_script CMakeFiles/cmTryCompileExec2835559714.dir/link.txt --verbose=1
/usr/bin/cc       CMakeFiles/cmTryCompileExec2835559714.dir/CheckSymbolExists.c.o  -o cmTryCompileExec2835559714 -rdynamic 
CMakeFiles/cmTryCompileExec2835559714.dir/CheckSymbolExists.c.o: In function `main':
CheckSymbolExists.c:(.text+0x16): undefined reference to `pthread_create'
collect2: error: ld returned 1 exit status
make[1]: *** [cmTryCompileExec2835559714] Error 1
make[1]: Leaving directory `/home/parthmehrotra/Projects/HighPriority/DriveAI/DriveAI-Platform/build/CMakeFiles/CMakeTmp'
make: *** [cmTryCompileExec2835559714/fast] Error 2

File /home/parthmehrotra/Projects/HighPriority/DriveAI/DriveAI-Platform/build/CMakeFiles/CMakeTmp/CheckSymbolExists.c:
/* */
#include <pthread.h>

int main(int argc, char** argv)
{
  (void)argv;
#ifndef pthread_create
  return ((int*)(&pthread_create))[argc];
#else
  (void)argc;
  return 0;
#endif
}

Determining if the function pthread_create exists in the pthreads failed with the following output:
Change Dir: /home/parthmehrotra/Projects/HighPriority/DriveAI/DriveAI-Platform/build/CMakeFiles/CMakeTmp

Run Build Command:/usr/bin/make "cmTryCompileExec322355310/fast"
/usr/bin/make -f CMakeFiles/cmTryCompileExec322355310.dir/build.make CMakeFiles/cmTryCompileExec322355310.dir/build
make[1]: Entering directory `/home/parthmehrotra/Projects/HighPriority/DriveAI/DriveAI-Platform/build/CMakeFiles/CMakeTmp'
/usr/bin/cmake -E cmake_progress_report /home/parthmehrotra/Projects/HighPriority/DriveAI/DriveAI-Platform/build/CMakeFiles/CMakeTmp/CMakeFiles 1
Building C object CMakeFiles/cmTryCompileExec322355310.dir/CheckFunctionExists.c.o
/usr/bin/cc   -DCHECK_FUNCTION_EXISTS=pthread_create   -o CMakeFiles/cmTryCompileExec322355310.dir/CheckFunctionExists.c.o   -c /usr/share/cmake-2.8/Modules/CheckFunctionExists.c
Linking C executable cmTryCompileExec322355310
/usr/bin/cmake -E cmake_link_script CMakeFiles/cmTryCompileExec322355310.dir/link.txt --verbose=1
/usr/bin/cc   -DCHECK_FUNCTION_EXISTS=pthread_create    CMakeFiles/cmTryCompileExec322355310.dir/CheckFunctionExists.c.o  -o cmTryCompileExec322355310 -rdynamic -lpthreads 
/usr/bin/ld: cannot find -lpthreads
collect2: error: ld returned 1 exit status
make[1]: Leaving directory `/home/parthmehrotra/Projects/HighPriority/DriveAI/DriveAI-Platform/build/CMakeFiles/CMakeTmp'
make[1]: *** [cmTryCompileExec322355310] Error 1
make: *** [cmTryCompileExec322355310/fast] Error 2


